<?xml version="1.0" encoding="UTF-8"?>
<testsuite xmlns:xsi="http://www.w3.org/2001/XMLSchema-instance" xsi:noNamespaceSchemaLocation="https://maven.apache.org/surefire/maven-surefire-plugin/xsd/surefire-test-report.xsd" version="3.0.2" name="it.uniroma3.siw.SiwSneakers01ApplicationTests" time="9.457" tests="1" errors="0" skipped="0" failures="0">
  <properties>
[...]
</properties>
  <testcase name="contextLoad" classname="it.uniroma3.siw.SiwSneakers01ApplicationTests" time="0.502">
    <system-out><![CDATA[23:08:07.526 [main] INFO org.springframework.test.context.support.AnnotationConfigContextLoaderUtils -- Could not detect default configuration classes for test class [it.uniroma3.siw.SiwSneakers01ApplicationTests]: SiwSneakers01ApplicationTests does not declare any static, non-private, non-final, nested classes annotated with @Configuration.
23:08:07.636 [main] INFO org.springframework.boot.test.context.SpringBootTestContextBootstrapper -- Found @SpringBootConfiguration it.uniroma3.siw.SiwSneakers01Application for test class it.uniroma3.siw.SiwSneakers01ApplicationTests

  .   ____          _            __ _ _
 /\\ / ___'_ __ _ _(_)_ __  __ _ \ \ \ \
( ( )\___ | '_ | '_| | '_ \/ _` | \ \ \ \
 \\/  ___)| |_)| | | | | || (_| |  ) ) ) )
  '  |____| .__|_| |_|_| |_\__, | / / / /
 =========|_|==============|___/=/_/_/_/

 :: Spring Boot ::                (v3.5.3)

2025-09-24T23:08:08.031+02:00  INFO 11216 --- [siw-sneakers-01] [           main] i.u.siw.SiwSneakers01ApplicationTests    : Starting SiwSneakers01ApplicationTests using Java 21.0.8 with PID 11216 (started by pavlo in C:\Users\pavlo\Documents\workspace-spring-tools-for-eclipse-4.31.0.RELEASE\siw-sneakers-01)
2025-09-24T23:08:08.033+02:00  INFO 11216 --- [siw-sneakers-01] [           main] i.u.siw.SiwSneakers01ApplicationTests    : No active profile set, falling back to 1 default profile: "default"
2025-09-24T23:08:08.831+02:00  INFO 11216 --- [siw-sneakers-01] [           main] .s.d.r.c.RepositoryConfigurationDelegate : Bootstrapping Spring Data JPA repositories in DEFAULT mode.
2025-09-24T23:08:08.904+02:00  INFO 11216 --- [siw-sneakers-01] [           main] .s.d.r.c.RepositoryConfigurationDelegate : Finished Spring Data repository scanning in 62 ms. Found 6 JPA repository interfaces.
2025-09-24T23:08:09.570+02:00  INFO 11216 --- [siw-sneakers-01] [           main] o.hibernate.jpa.internal.util.LogHelper  : HHH000204: Processing PersistenceUnitInfo [name: default]
2025-09-24T23:08:09.642+02:00  INFO 11216 --- [siw-sneakers-01] [           main] org.hibernate.Version                    : HHH000412: Hibernate ORM core version 6.6.18.Final
2025-09-24T23:08:09.692+02:00  INFO 11216 --- [siw-sneakers-01] [           main] o.h.c.internal.RegionFactoryInitiator    : HHH000026: Second-level cache disabled
2025-09-24T23:08:10.091+02:00  INFO 11216 --- [siw-sneakers-01] [           main] o.s.o.j.p.SpringPersistenceUnitInfo      : No LoadTimeWeaver setup: ignoring JPA class transformer
2025-09-24T23:08:10.155+02:00  INFO 11216 --- [siw-sneakers-01] [           main] com.zaxxer.hikari.HikariDataSource       : HikariPool-1 - Starting...
2025-09-24T23:08:10.570+02:00  INFO 11216 --- [siw-sneakers-01] [           main] com.zaxxer.hikari.pool.HikariPool        : HikariPool-1 - Added connection org.postgresql.jdbc.PgConnection@152e7703
2025-09-24T23:08:10.575+02:00  INFO 11216 --- [siw-sneakers-01] [           main] com.zaxxer.hikari.HikariDataSource       : HikariPool-1 - Start completed.
2025-09-24T23:08:10.631+02:00  WARN 11216 --- [siw-sneakers-01] [           main] org.hibernate.orm.deprecation            : HHH90000025: PostgreSQLDialect does not need to be specified explicitly using 'hibernate.dialect' (remove the property setting and it will be selected by default)
2025-09-24T23:08:10.672+02:00  INFO 11216 --- [siw-sneakers-01] [           main] org.hibernate.orm.connections.pooling    : HHH10001005: Database info:
	Database JDBC URL [Connecting through datasource 'HikariDataSource (HikariPool-1)']
	Database driver: undefined/unknown
	Database version: 17.6
	Autocommit mode: undefined/unknown
	Isolation level: undefined/unknown
	Minimum pool size: undefined/unknown
	Maximum pool size: undefined/unknown
2025-09-24T23:08:10.690+02:00 DEBUG 11216 --- [siw-sneakers-01] [           main] o.h.t.d.sql.spi.DdlTypeRegistry          : addDescriptor(2003, org.hibernate.type.descriptor.sql.internal.ArrayDdlTypeImpl@716ae973) replaced previous registration(org.hibernate.type.descriptor.sql.internal.ArrayDdlTypeImpl@1171ba7e)
2025-09-24T23:08:10.690+02:00 DEBUG 11216 --- [siw-sneakers-01] [           main] o.h.t.d.sql.spi.DdlTypeRegistry          : addDescriptor(6, org.hibernate.type.descriptor.sql.internal.CapacityDependentDdlType@56872fcb) replaced previous registration(org.hibernate.type.descriptor.sql.internal.DdlTypeImpl@7b3c2ae0)
2025-09-24T23:08:12.861+02:00  INFO 11216 --- [siw-sneakers-01] [           main] o.h.e.t.j.p.i.JtaPlatformInitiator       : HHH000489: No JTA platform available (set 'hibernate.transaction.jta.platform' to enable JTA platform integration)
2025-09-24T23:08:12.894+02:00 DEBUG 11216 --- [siw-sneakers-01] [           main] org.hibernate.SQL                        : set client_min_messages = WARNING
Hibernate: set client_min_messages = WARNING
2025-09-24T23:08:12.899+02:00 DEBUG 11216 --- [siw-sneakers-01] [           main] org.hibernate.SQL                        : alter table if exists bid drop constraint if exists FK7c6ipsfeqa7dvngwljcjtvvtw
Hibernate: alter table if exists bid drop constraint if exists FK7c6ipsfeqa7dvngwljcjtvvtw
2025-09-24T23:08:12.914+02:00 DEBUG 11216 --- [siw-sneakers-01] [           main] org.hibernate.SQL                        : alter table if exists bid drop constraint if exists FKbsfo13efitjd418x6wf90b0ya
Hibernate: alter table if exists bid drop constraint if exists FKbsfo13efitjd418x6wf90b0ya
2025-09-24T23:08:12.916+02:00 DEBUG 11216 --- [siw-sneakers-01] [           main] org.hibernate.SQL                        : alter table if exists comment drop constraint if exists FKir20vhrx08eh4itgpbfxip0s1
Hibernate: alter table if exists comment drop constraint if exists FKir20vhrx08eh4itgpbfxip0s1
2025-09-24T23:08:12.918+02:00 DEBUG 11216 --- [siw-sneakers-01] [           main] org.hibernate.SQL                        : alter table if exists comment drop constraint if exists FKm1rmnfcvq5mk26li4lit88pc5
Hibernate: alter table if exists comment drop constraint if exists FKm1rmnfcvq5mk26li4lit88pc5
2025-09-24T23:08:12.919+02:00 DEBUG 11216 --- [siw-sneakers-01] [           main] org.hibernate.SQL                        : alter table if exists credentials drop constraint if exists FKcbcgksvnqvqxrrc4dwv3qys65
Hibernate: alter table if exists credentials drop constraint if exists FKcbcgksvnqvqxrrc4dwv3qys65
2025-09-24T23:08:12.920+02:00 DEBUG 11216 --- [siw-sneakers-01] [           main] org.hibernate.SQL                        : alter table if exists product drop constraint if exists FKqba22q5v8xrh6hwr4wcfatu9
Hibernate: alter table if exists product drop constraint if exists FKqba22q5v8xrh6hwr4wcfatu9
2025-09-24T23:08:12.920+02:00 DEBUG 11216 --- [siw-sneakers-01] [           main] org.hibernate.SQL                        : alter table if exists product drop constraint if exists FKq3fvcsydiaotwy3iqn1erqsfd
Hibernate: alter table if exists product drop constraint if exists FKq3fvcsydiaotwy3iqn1erqsfd
2025-09-24T23:08:12.921+02:00 DEBUG 11216 --- [siw-sneakers-01] [           main] org.hibernate.SQL                        : alter table if exists product_similar_products drop constraint if exists FKakgubqgo8803yyx2109d7o0mk
Hibernate: alter table if exists product_similar_products drop constraint if exists FKakgubqgo8803yyx2109d7o0mk
2025-09-24T23:08:12.923+02:00 DEBUG 11216 --- [siw-sneakers-01] [           main] org.hibernate.SQL                        : alter table if exists product_similar_products drop constraint if exists FKa7v4pynjmbh96j1k8qafqq5t
Hibernate: alter table if exists product_similar_products drop constraint if exists FKa7v4pynjmbh96j1k8qafqq5t
2025-09-24T23:08:12.925+02:00 DEBUG 11216 --- [siw-sneakers-01] [           main] org.hibernate.SQL                        : drop table if exists bid cascade
Hibernate: drop table if exists bid cascade
2025-09-24T23:08:12.929+02:00 DEBUG 11216 --- [siw-sneakers-01] [           main] org.hibernate.SQL                        : drop table if exists comment cascade
Hibernate: drop table if exists comment cascade
2025-09-24T23:08:12.931+02:00 DEBUG 11216 --- [siw-sneakers-01] [           main] org.hibernate.SQL                        : drop table if exists credentials cascade
Hibernate: drop table if exists credentials cascade
2025-09-24T23:08:12.935+02:00 DEBUG 11216 --- [siw-sneakers-01] [           main] org.hibernate.SQL                        : drop table if exists product cascade
Hibernate: drop table if exists product cascade
2025-09-24T23:08:12.938+02:00 DEBUG 11216 --- [siw-sneakers-01] [           main] org.hibernate.SQL                        : drop table if exists product_similar_products cascade
Hibernate: drop table if exists product_similar_products cascade
2025-09-24T23:08:12.939+02:00 DEBUG 11216 --- [siw-sneakers-01] [           main] org.hibernate.SQL                        : drop table if exists type cascade
Hibernate: drop table if exists type cascade
2025-09-24T23:08:12.942+02:00 DEBUG 11216 --- [siw-sneakers-01] [           main] org.hibernate.SQL                        : drop table if exists users cascade
Hibernate: drop table if exists users cascade
2025-09-24T23:08:12.944+02:00 DEBUG 11216 --- [siw-sneakers-01] [           main] org.hibernate.SQL                        : drop sequence if exists credentials_seq
Hibernate: drop sequence if exists credentials_seq
2025-09-24T23:08:12.946+02:00 DEBUG 11216 --- [siw-sneakers-01] [           main] org.hibernate.SQL                        : drop sequence if exists product_seq
Hibernate: drop sequence if exists product_seq
2025-09-24T23:08:12.947+02:00 DEBUG 11216 --- [siw-sneakers-01] [           main] org.hibernate.SQL                        : drop sequence if exists type_seq
Hibernate: drop sequence if exists type_seq
2025-09-24T23:08:12.948+02:00 DEBUG 11216 --- [siw-sneakers-01] [           main] org.hibernate.SQL                        : drop sequence if exists users_seq
Hibernate: drop sequence if exists users_seq
2025-09-24T23:08:12.958+02:00 DEBUG 11216 --- [siw-sneakers-01] [           main] org.hibernate.SQL                        : create sequence credentials_seq start with 1 increment by 50
Hibernate: create sequence credentials_seq start with 1 increment by 50
2025-09-24T23:08:12.962+02:00 DEBUG 11216 --- [siw-sneakers-01] [           main] org.hibernate.SQL                        : create sequence product_seq start with 1 increment by 50
Hibernate: create sequence product_seq start with 1 increment by 50
2025-09-24T23:08:12.963+02:00 DEBUG 11216 --- [siw-sneakers-01] [           main] org.hibernate.SQL                        : create sequence type_seq start with 1 increment by 50
Hibernate: create sequence type_seq start with 1 increment by 50
2025-09-24T23:08:12.965+02:00 DEBUG 11216 --- [siw-sneakers-01] [           main] org.hibernate.SQL                        : create sequence users_seq start with 1 increment by 50
Hibernate: create sequence users_seq start with 1 increment by 50
2025-09-24T23:08:12.973+02:00 DEBUG 11216 --- [siw-sneakers-01] [           main] org.hibernate.SQL                        : create table bid (amount numeric(38,2), bidder_id bigint, id bigint generated by default as identity, product_id bigint, timestamp timestamp(6), primary key (id))
Hibernate: create table bid (amount numeric(38,2), bidder_id bigint, id bigint generated by default as identity, product_id bigint, timestamp timestamp(6), primary key (id))
2025-09-24T23:08:12.978+02:00 DEBUG 11216 --- [siw-sneakers-01] [           main] org.hibernate.SQL                        : create table comment (author_id bigint, creation_timestamp timestamp(6), id bigint generated by default as identity, product_id bigint, title varchar(255) not null, primary key (id))
Hibernate: create table comment (author_id bigint, creation_timestamp timestamp(6), id bigint generated by default as identity, product_id bigint, title varchar(255) not null, primary key (id))
2025-09-24T23:08:12.981+02:00 DEBUG 11216 --- [siw-sneakers-01] [           main] org.hibernate.SQL                        : create table credentials (id bigint not null, user_id bigint unique, email varchar(255) not null, password varchar(255) not null, role varchar(255), primary key (id))
Hibernate: create table credentials (id bigint not null, user_id bigint unique, email varchar(255) not null, password varchar(255) not null, role varchar(255), primary key (id))
2025-09-24T23:08:12.986+02:00 DEBUG 11216 --- [siw-sneakers-01] [           main] org.hibernate.SQL                        : create table product (auction_settled boolean not null, current_bid numeric(38,2), starting_price numeric(38,2), auction_end_date timestamp(6), highest_bidder_id bigint, id bigint not null, type_id bigint, description varchar(1000), image_path varchar(255), name varchar(255), primary key (id))
Hibernate: create table product (auction_settled boolean not null, current_bid numeric(38,2), starting_price numeric(38,2), auction_end_date timestamp(6), highest_bidder_id bigint, id bigint not null, type_id bigint, description varchar(1000), image_path varchar(255), name varchar(255), primary key (id))
2025-09-24T23:08:12.989+02:00 DEBUG 11216 --- [siw-sneakers-01] [           main] org.hibernate.SQL                        : create table product_similar_products (product_id bigint not null, similar_products_id bigint not null, primary key (product_id, similar_products_id))
Hibernate: create table product_similar_products (product_id bigint not null, similar_products_id bigint not null, primary key (product_id, similar_products_id))
2025-09-24T23:08:12.991+02:00 DEBUG 11216 --- [siw-sneakers-01] [           main] org.hibernate.SQL                        : create table type (id bigint not null, image_path varchar(255), name varchar(255), primary key (id))
Hibernate: create table type (id bigint not null, image_path varchar(255), name varchar(255), primary key (id))
2025-09-24T23:08:12.994+02:00 DEBUG 11216 --- [siw-sneakers-01] [           main] org.hibernate.SQL                        : create table users (available_credit numeric(38,2), id bigint not null, name varchar(255) not null, surname varchar(255) not null, primary key (id))
Hibernate: create table users (available_credit numeric(38,2), id bigint not null, name varchar(255) not null, surname varchar(255) not null, primary key (id))
2025-09-24T23:08:12.998+02:00 DEBUG 11216 --- [siw-sneakers-01] [           main] org.hibernate.SQL                        : alter table if exists bid add constraint FK7c6ipsfeqa7dvngwljcjtvvtw foreign key (bidder_id) references users
Hibernate: alter table if exists bid add constraint FK7c6ipsfeqa7dvngwljcjtvvtw foreign key (bidder_id) references users
2025-09-24T23:08:13.001+02:00 DEBUG 11216 --- [siw-sneakers-01] [           main] org.hibernate.SQL                        : alter table if exists bid add constraint FKbsfo13efitjd418x6wf90b0ya foreign key (product_id) references product
Hibernate: alter table if exists bid add constraint FKbsfo13efitjd418x6wf90b0ya foreign key (product_id) references product
2025-09-24T23:08:13.002+02:00 DEBUG 11216 --- [siw-sneakers-01] [           main] org.hibernate.SQL                        : alter table if exists comment add constraint FKir20vhrx08eh4itgpbfxip0s1 foreign key (author_id) references users
Hibernate: alter table if exists comment add constraint FKir20vhrx08eh4itgpbfxip0s1 foreign key (author_id) references users
2025-09-24T23:08:13.004+02:00 DEBUG 11216 --- [siw-sneakers-01] [           main] org.hibernate.SQL                        : alter table if exists comment add constraint FKm1rmnfcvq5mk26li4lit88pc5 foreign key (product_id) references product
Hibernate: alter table if exists comment add constraint FKm1rmnfcvq5mk26li4lit88pc5 foreign key (product_id) references product
2025-09-24T23:08:13.006+02:00 DEBUG 11216 --- [siw-sneakers-01] [           main] org.hibernate.SQL                        : alter table if exists credentials add constraint FKcbcgksvnqvqxrrc4dwv3qys65 foreign key (user_id) references users
Hibernate: alter table if exists credentials add constraint FKcbcgksvnqvqxrrc4dwv3qys65 foreign key (user_id) references users
2025-09-24T23:08:13.008+02:00 DEBUG 11216 --- [siw-sneakers-01] [           main] org.hibernate.SQL                        : alter table if exists product add constraint FKqba22q5v8xrh6hwr4wcfatu9 foreign key (highest_bidder_id) references users
Hibernate: alter table if exists product add constraint FKqba22q5v8xrh6hwr4wcfatu9 foreign key (highest_bidder_id) references users
2025-09-24T23:08:13.009+02:00 DEBUG 11216 --- [siw-sneakers-01] [           main] org.hibernate.SQL                        : alter table if exists product add constraint FKq3fvcsydiaotwy3iqn1erqsfd foreign key (type_id) references type
Hibernate: alter table if exists product add constraint FKq3fvcsydiaotwy3iqn1erqsfd foreign key (type_id) references type
2025-09-24T23:08:13.011+02:00 DEBUG 11216 --- [siw-sneakers-01] [           main] org.hibernate.SQL                        : alter table if exists product_similar_products add constraint FKakgubqgo8803yyx2109d7o0mk foreign key (similar_products_id) references product
Hibernate: alter table if exists product_similar_products add constraint FKakgubqgo8803yyx2109d7o0mk foreign key (similar_products_id) references product
2025-09-24T23:08:13.013+02:00 DEBUG 11216 --- [siw-sneakers-01] [           main] org.hibernate.SQL                        : alter table if exists product_similar_products add constraint FKa7v4pynjmbh96j1k8qafqq5t foreign key (product_id) references product
Hibernate: alter table if exists product_similar_products add constraint FKa7v4pynjmbh96j1k8qafqq5t foreign key (product_id) references product
2025-09-24T23:08:13.016+02:00  INFO 11216 --- [siw-sneakers-01] [           main] j.LocalContainerEntityManagerFactoryBean : Initialized JPA EntityManagerFactory for persistence unit 'default'
2025-09-24T23:08:13.963+02:00  WARN 11216 --- [siw-sneakers-01] [           main] JpaBaseConfiguration$JpaWebConfiguration : spring.jpa.open-in-view is enabled by default. Therefore, database queries may be performed during view rendering. Explicitly configure spring.jpa.open-in-view to disable this warning
2025-09-24T23:08:14.027+02:00  INFO 11216 --- [siw-sneakers-01] [           main] o.s.b.a.w.s.WelcomePageHandlerMapping    : Adding welcome page template: index
2025-09-24T23:08:14.485+02:00  WARN 11216 --- [siw-sneakers-01] [           main] thorizationManagerRequestMatcherRegistry : One of the patterns in [/, /index, /register, /login, /css/**, /images/**, /videos/**, favicon.ico] is missing a leading slash. This is discouraged; please include the leading slash in all your request matcher patterns. In future versions of Spring Security, leaving out the leading slash will result in an exception.
2025-09-24T23:08:15.208+02:00  INFO 11216 --- [siw-sneakers-01] [           main] i.u.siw.SiwSneakers01ApplicationTests    : Started SiwSneakers01ApplicationTests in 7.419 seconds (process running for 8.298)
2025-09-24T23:08:15.403+02:00 DEBUG 11216 --- [siw-sneakers-01] [           main] org.hibernate.SQL                        : select c1_0.id,c1_0.author_id,c1_0.creation_timestamp,c1_0.product_id,c1_0.title from comment c1_0
Hibernate: select c1_0.id,c1_0.author_id,c1_0.creation_timestamp,c1_0.product_id,c1_0.title from comment c1_0
2025-09-24T23:08:15.465+02:00 DEBUG 11216 --- [siw-sneakers-01] [           main] org.hibernate.SQL                        : select b1_0.id,b1_0.amount,b1_0.bidder_id,b1_0.product_id,b1_0.timestamp from bid b1_0
Hibernate: select b1_0.id,b1_0.amount,b1_0.bidder_id,b1_0.product_id,b1_0.timestamp from bid b1_0
2025-09-24T23:08:15.470+02:00 DEBUG 11216 --- [siw-sneakers-01] [           main] org.hibernate.SQL                        : select p1_0.id,p1_0.auction_end_date,p1_0.auction_settled,p1_0.current_bid,p1_0.description,p1_0.highest_bidder_id,p1_0.image_path,p1_0.name,p1_0.starting_price,p1_0.type_id from product p1_0
Hibernate: select p1_0.id,p1_0.auction_end_date,p1_0.auction_settled,p1_0.current_bid,p1_0.description,p1_0.highest_bidder_id,p1_0.image_path,p1_0.name,p1_0.starting_price,p1_0.type_id from product p1_0
2025-09-24T23:08:15.474+02:00 DEBUG 11216 --- [siw-sneakers-01] [           main] org.hibernate.SQL                        : select t1_0.id,t1_0.image_path,t1_0.name from type t1_0
Hibernate: select t1_0.id,t1_0.image_path,t1_0.name from type t1_0
2025-09-24T23:08:15.477+02:00 DEBUG 11216 --- [siw-sneakers-01] [           main] org.hibernate.SQL                        : select c1_0.id,c1_0.email,c1_0.password,c1_0.role,c1_0.user_id from credentials c1_0
Hibernate: select c1_0.id,c1_0.email,c1_0.password,c1_0.role,c1_0.user_id from credentials c1_0
2025-09-24T23:08:15.480+02:00 DEBUG 11216 --- [siw-sneakers-01] [           main] org.hibernate.SQL                        : select u1_0.id,u1_0.available_credit,u1_0.name,u1_0.surname from users u1_0
Hibernate: select u1_0.id,u1_0.available_credit,u1_0.name,u1_0.surname from users u1_0
2025-09-24T23:08:15.641+02:00 DEBUG 11216 --- [siw-sneakers-01] [           main] org.hibernate.SQL                        : select nextval('credentials_seq')
Hibernate: select nextval('credentials_seq')
2025-09-24T23:08:15.666+02:00 DEBUG 11216 --- [siw-sneakers-01] [           main] org.hibernate.SQL                        : select nextval('users_seq')
Hibernate: select nextval('users_seq')
2025-09-24T23:08:15.818+02:00 DEBUG 11216 --- [siw-sneakers-01] [           main] org.hibernate.SQL                        : select nextval('credentials_seq')
Hibernate: select nextval('credentials_seq')
2025-09-24T23:08:15.819+02:00 DEBUG 11216 --- [siw-sneakers-01] [           main] org.hibernate.SQL                        : select nextval('users_seq')
Hibernate: select nextval('users_seq')
2025-09-24T23:08:16.106+02:00 DEBUG 11216 --- [siw-sneakers-01] [           main] org.hibernate.SQL                        : select nextval('type_seq')
Hibernate: select nextval('type_seq')
2025-09-24T23:08:16.107+02:00 DEBUG 11216 --- [siw-sneakers-01] [           main] org.hibernate.SQL                        : select nextval('type_seq')
Hibernate: select nextval('type_seq')
2025-09-24T23:08:16.109+02:00 DEBUG 11216 --- [siw-sneakers-01] [           main] org.hibernate.SQL                        : select nextval('product_seq')
Hibernate: select nextval('product_seq')
2025-09-24T23:08:16.125+02:00 DEBUG 11216 --- [siw-sneakers-01] [           main] org.hibernate.SQL                        : select nextval('product_seq')
Hibernate: select nextval('product_seq')
2025-09-24T23:08:16.166+02:00 DEBUG 11216 --- [siw-sneakers-01] [           main] org.hibernate.SQL                        : insert into users (available_credit,name,surname,id) values (?,?,?,?)
Hibernate: insert into users (available_credit,name,surname,id) values (?,?,?,?)
2025-09-24T23:08:16.185+02:00 DEBUG 11216 --- [siw-sneakers-01] [           main] org.hibernate.SQL                        : insert into credentials (email,password,role,user_id,id) values (?,?,?,?,?)
Hibernate: insert into credentials (email,password,role,user_id,id) values (?,?,?,?,?)
2025-09-24T23:08:16.188+02:00 DEBUG 11216 --- [siw-sneakers-01] [           main] org.hibernate.SQL                        : insert into users (available_credit,name,surname,id) values (?,?,?,?)
Hibernate: insert into users (available_credit,name,surname,id) values (?,?,?,?)
2025-09-24T23:08:16.189+02:00 DEBUG 11216 --- [siw-sneakers-01] [           main] org.hibernate.SQL                        : insert into credentials (email,password,role,user_id,id) values (?,?,?,?,?)
Hibernate: insert into credentials (email,password,role,user_id,id) values (?,?,?,?,?)
2025-09-24T23:08:16.191+02:00 DEBUG 11216 --- [siw-sneakers-01] [           main] org.hibernate.SQL                        : insert into users (available_credit,name,surname,id) values (?,?,?,?)
Hibernate: insert into users (available_credit,name,surname,id) values (?,?,?,?)
2025-09-24T23:08:16.192+02:00 DEBUG 11216 --- [siw-sneakers-01] [           main] org.hibernate.SQL                        : insert into credentials (email,password,role,user_id,id) values (?,?,?,?,?)
Hibernate: insert into credentials (email,password,role,user_id,id) values (?,?,?,?,?)
2025-09-24T23:08:16.193+02:00 DEBUG 11216 --- [siw-sneakers-01] [           main] org.hibernate.SQL                        : insert into users (available_credit,name,surname,id) values (?,?,?,?)
Hibernate: insert into users (available_credit,name,surname,id) values (?,?,?,?)
2025-09-24T23:08:16.194+02:00 DEBUG 11216 --- [siw-sneakers-01] [           main] org.hibernate.SQL                        : insert into credentials (email,password,role,user_id,id) values (?,?,?,?,?)
Hibernate: insert into credentials (email,password,role,user_id,id) values (?,?,?,?,?)
2025-09-24T23:08:16.195+02:00 DEBUG 11216 --- [siw-sneakers-01] [           main] org.hibernate.SQL                        : insert into type (image_path,name,id) values (?,?,?)
Hibernate: insert into type (image_path,name,id) values (?,?,?)
2025-09-24T23:08:16.196+02:00 DEBUG 11216 --- [siw-sneakers-01] [           main] org.hibernate.SQL                        : insert into type (image_path,name,id) values (?,?,?)
Hibernate: insert into type (image_path,name,id) values (?,?,?)
2025-09-24T23:08:16.196+02:00 DEBUG 11216 --- [siw-sneakers-01] [           main] org.hibernate.SQL                        : insert into type (image_path,name,id) values (?,?,?)
Hibernate: insert into type (image_path,name,id) values (?,?,?)
2025-09-24T23:08:16.197+02:00 DEBUG 11216 --- [siw-sneakers-01] [           main] org.hibernate.SQL                        : insert into product (auction_end_date,auction_settled,current_bid,description,highest_bidder_id,image_path,name,starting_price,type_id,id) values (?,?,?,?,?,?,?,?,?,?)
Hibernate: insert into product (auction_end_date,auction_settled,current_bid,description,highest_bidder_id,image_path,name,starting_price,type_id,id) values (?,?,?,?,?,?,?,?,?,?)
2025-09-24T23:08:16.200+02:00 DEBUG 11216 --- [siw-sneakers-01] [           main] org.hibernate.SQL                        : insert into product (auction_end_date,auction_settled,current_bid,description,highest_bidder_id,image_path,name,starting_price,type_id,id) values (?,?,?,?,?,?,?,?,?,?)
Hibernate: insert into product (auction_end_date,auction_settled,current_bid,description,highest_bidder_id,image_path,name,starting_price,type_id,id) values (?,?,?,?,?,?,?,?,?,?)
2025-09-24T23:08:16.201+02:00 DEBUG 11216 --- [siw-sneakers-01] [           main] org.hibernate.SQL                        : insert into product (auction_end_date,auction_settled,current_bid,description,highest_bidder_id,image_path,name,starting_price,type_id,id) values (?,?,?,?,?,?,?,?,?,?)
Hibernate: insert into product (auction_end_date,auction_settled,current_bid,description,highest_bidder_id,image_path,name,starting_price,type_id,id) values (?,?,?,?,?,?,?,?,?,?)
2025-09-24T23:08:16.202+02:00 DEBUG 11216 --- [siw-sneakers-01] [           main] org.hibernate.SQL                        : insert into product (auction_end_date,auction_settled,current_bid,description,highest_bidder_id,image_path,name,starting_price,type_id,id) values (?,?,?,?,?,?,?,?,?,?)
Hibernate: insert into product (auction_end_date,auction_settled,current_bid,description,highest_bidder_id,image_path,name,starting_price,type_id,id) values (?,?,?,?,?,?,?,?,?,?)
2025-09-24T23:08:16.203+02:00 DEBUG 11216 --- [siw-sneakers-01] [           main] org.hibernate.SQL                        : insert into product (auction_end_date,auction_settled,current_bid,description,highest_bidder_id,image_path,name,starting_price,type_id,id) values (?,?,?,?,?,?,?,?,?,?)
Hibernate: insert into product (auction_end_date,auction_settled,current_bid,description,highest_bidder_id,image_path,name,starting_price,type_id,id) values (?,?,?,?,?,?,?,?,?,?)
2025-09-24T23:08:16.204+02:00 DEBUG 11216 --- [siw-sneakers-01] [           main] org.hibernate.SQL                        : insert into product (auction_end_date,auction_settled,current_bid,description,highest_bidder_id,image_path,name,starting_price,type_id,id) values (?,?,?,?,?,?,?,?,?,?)
Hibernate: insert into product (auction_end_date,auction_settled,current_bid,description,highest_bidder_id,image_path,name,starting_price,type_id,id) values (?,?,?,?,?,?,?,?,?,?)
2025-09-24T23:08:16.205+02:00 DEBUG 11216 --- [siw-sneakers-01] [           main] org.hibernate.SQL                        : insert into product (auction_end_date,auction_settled,current_bid,description,highest_bidder_id,image_path,name,starting_price,type_id,id) values (?,?,?,?,?,?,?,?,?,?)
Hibernate: insert into product (auction_end_date,auction_settled,current_bid,description,highest_bidder_id,image_path,name,starting_price,type_id,id) values (?,?,?,?,?,?,?,?,?,?)
2025-09-24T23:08:16.206+02:00 DEBUG 11216 --- [siw-sneakers-01] [           main] org.hibernate.SQL                        : insert into bid (amount,bidder_id,product_id,timestamp) values (?,?,?,?)
Hibernate: insert into bid (amount,bidder_id,product_id,timestamp) values (?,?,?,?)
2025-09-24T23:08:16.227+02:00 DEBUG 11216 --- [siw-sneakers-01] [           main] org.hibernate.SQL                        : insert into bid (amount,bidder_id,product_id,timestamp) values (?,?,?,?)
Hibernate: insert into bid (amount,bidder_id,product_id,timestamp) values (?,?,?,?)
2025-09-24T23:08:16.230+02:00 DEBUG 11216 --- [siw-sneakers-01] [           main] org.hibernate.SQL                        : insert into bid (amount,bidder_id,product_id,timestamp) values (?,?,?,?)
Hibernate: insert into bid (amount,bidder_id,product_id,timestamp) values (?,?,?,?)
2025-09-24T23:08:16.231+02:00 DEBUG 11216 --- [siw-sneakers-01] [           main] org.hibernate.SQL                        : insert into bid (amount,bidder_id,product_id,timestamp) values (?,?,?,?)
Hibernate: insert into bid (amount,bidder_id,product_id,timestamp) values (?,?,?,?)
2025-09-24T23:08:16.233+02:00 DEBUG 11216 --- [siw-sneakers-01] [           main] org.hibernate.SQL                        : insert into bid (amount,bidder_id,product_id,timestamp) values (?,?,?,?)
Hibernate: insert into bid (amount,bidder_id,product_id,timestamp) values (?,?,?,?)
2025-09-24T23:08:16.235+02:00 DEBUG 11216 --- [siw-sneakers-01] [           main] org.hibernate.SQL                        : insert into bid (amount,bidder_id,product_id,timestamp) values (?,?,?,?)
Hibernate: insert into bid (amount,bidder_id,product_id,timestamp) values (?,?,?,?)
2025-09-24T23:08:16.237+02:00 DEBUG 11216 --- [siw-sneakers-01] [           main] org.hibernate.SQL                        : insert into bid (amount,bidder_id,product_id,timestamp) values (?,?,?,?)
Hibernate: insert into bid (amount,bidder_id,product_id,timestamp) values (?,?,?,?)
2025-09-24T23:08:16.238+02:00 DEBUG 11216 --- [siw-sneakers-01] [           main] org.hibernate.SQL                        : insert into bid (amount,bidder_id,product_id,timestamp) values (?,?,?,?)
Hibernate: insert into bid (amount,bidder_id,product_id,timestamp) values (?,?,?,?)
2025-09-24T23:08:16.239+02:00 DEBUG 11216 --- [siw-sneakers-01] [           main] org.hibernate.SQL                        : insert into bid (amount,bidder_id,product_id,timestamp) values (?,?,?,?)
Hibernate: insert into bid (amount,bidder_id,product_id,timestamp) values (?,?,?,?)
2025-09-24T23:08:16.240+02:00 DEBUG 11216 --- [siw-sneakers-01] [           main] org.hibernate.SQL                        : insert into bid (amount,bidder_id,product_id,timestamp) values (?,?,?,?)
Hibernate: insert into bid (amount,bidder_id,product_id,timestamp) values (?,?,?,?)
2025-09-24T23:08:16.255+02:00 DEBUG 11216 --- [siw-sneakers-01] [           main] org.hibernate.SQL                        : insert into comment (author_id,creation_timestamp,product_id,title) values (?,?,?,?)
Hibernate: insert into comment (author_id,creation_timestamp,product_id,title) values (?,?,?,?)
2025-09-24T23:08:16.258+02:00 DEBUG 11216 --- [siw-sneakers-01] [           main] org.hibernate.SQL                        : insert into comment (author_id,creation_timestamp,product_id,title) values (?,?,?,?)
Hibernate: insert into comment (author_id,creation_timestamp,product_id,title) values (?,?,?,?)
2025-09-24T23:08:16.260+02:00 DEBUG 11216 --- [siw-sneakers-01] [           main] org.hibernate.SQL                        : insert into comment (author_id,creation_timestamp,product_id,title) values (?,?,?,?)
Hibernate: insert into comment (author_id,creation_timestamp,product_id,title) values (?,?,?,?)
2025-09-24T23:08:16.262+02:00 DEBUG 11216 --- [siw-sneakers-01] [           main] org.hibernate.SQL                        : insert into comment (author_id,creation_timestamp,product_id,title) values (?,?,?,?)
Hibernate: insert into comment (author_id,creation_timestamp,product_id,title) values (?,?,?,?)
2025-09-24T23:08:16.264+02:00 DEBUG 11216 --- [siw-sneakers-01] [           main] org.hibernate.SQL                        : insert into comment (author_id,creation_timestamp,product_id,title) values (?,?,?,?)
Hibernate: insert into comment (author_id,creation_timestamp,product_id,title) values (?,?,?,?)
2025-09-24T23:08:16.265+02:00 DEBUG 11216 --- [siw-sneakers-01] [           main] org.hibernate.SQL                        : insert into comment (author_id,creation_timestamp,product_id,title) values (?,?,?,?)
Hibernate: insert into comment (author_id,creation_timestamp,product_id,title) values (?,?,?,?)
✅ Dati di esempio per l'asta caricati con successo.
2025-09-24T23:08:16.290+02:00 DEBUG 11216 --- [siw-sneakers-01] [           main] org.hibernate.SQL                        : update product set auction_end_date=?,auction_settled=?,current_bid=?,description=?,highest_bidder_id=?,image_path=?,name=?,starting_price=?,type_id=? where id=?
Hibernate: update product set auction_end_date=?,auction_settled=?,current_bid=?,description=?,highest_bidder_id=?,image_path=?,name=?,starting_price=?,type_id=? where id=?
2025-09-24T23:08:16.295+02:00 DEBUG 11216 --- [siw-sneakers-01] [           main] org.hibernate.SQL                        : update product set auction_end_date=?,auction_settled=?,current_bid=?,description=?,highest_bidder_id=?,image_path=?,name=?,starting_price=?,type_id=? where id=?
Hibernate: update product set auction_end_date=?,auction_settled=?,current_bid=?,description=?,highest_bidder_id=?,image_path=?,name=?,starting_price=?,type_id=? where id=?
2025-09-24T23:08:16.297+02:00 DEBUG 11216 --- [siw-sneakers-01] [           main] org.hibernate.SQL                        : update product set auction_end_date=?,auction_settled=?,current_bid=?,description=?,highest_bidder_id=?,image_path=?,name=?,starting_price=?,type_id=? where id=?
Hibernate: update product set auction_end_date=?,auction_settled=?,current_bid=?,description=?,highest_bidder_id=?,image_path=?,name=?,starting_price=?,type_id=? where id=?
2025-09-24T23:08:16.299+02:00 DEBUG 11216 --- [siw-sneakers-01] [           main] org.hibernate.SQL                        : update product set auction_end_date=?,auction_settled=?,current_bid=?,description=?,highest_bidder_id=?,image_path=?,name=?,starting_price=?,type_id=? where id=?
Hibernate: update product set auction_end_date=?,auction_settled=?,current_bid=?,description=?,highest_bidder_id=?,image_path=?,name=?,starting_price=?,type_id=? where id=?
2025-09-24T23:08:16.300+02:00 DEBUG 11216 --- [siw-sneakers-01] [           main] org.hibernate.SQL                        : update product set auction_end_date=?,auction_settled=?,current_bid=?,description=?,highest_bidder_id=?,image_path=?,name=?,starting_price=?,type_id=? where id=?
Hibernate: update product set auction_end_date=?,auction_settled=?,current_bid=?,description=?,highest_bidder_id=?,image_path=?,name=?,starting_price=?,type_id=? where id=?
]]></system-out>
    <system-err><![CDATA[Mockito is currently self-attaching to enable the inline-mock-maker. This will no longer work in future releases of the JDK. Please add Mockito as an agent to your build as described in Mockito's documentation: https://javadoc.io/doc/org.mockito/mockito-core/latest/org.mockito/org/mockito/Mockito.html#0.3
WARNING: A Java agent has been loaded dynamically (C:\Users\pavlo\.m2\repository\net\bytebuddy\byte-buddy-agent\1.17.6\byte-buddy-agent-1.17.6.jar)
WARNING: If a serviceability tool is in use, please run with -XX:+EnableDynamicAgentLoading to hide this warning
WARNING: If a serviceability tool is not in use, please run with -Djdk.instrument.traceUsage for more information
WARNING: Dynamic loading of agents will be disallowed by default in a future release
]]></system-err>
  </testcase>
</testsuite>